2025-04-08 01:01:27.900565 - Received CBT.V508.FILE054.PDS from FILE054.XMI 
2025-04-08 01:01:27.908932 - Found $$$#DATE.txt (text/plain) in CBT.V508.FILE054.PDS, moved to PDS/$$$#DATE
2025-04-08 01:01:27.910488 - Found @FILE054.txt (text/plain) in CBT.V508.FILE054.PDS, moved to PDS/@FILE054
2025-04-08 01:01:27.911966 - Found ALLOCLST.txt (text/plain) in CBT.V508.FILE054.PDS, moved to PDS/ALLOCLST
2025-04-08 01:01:27.913352 - Found GENER1.txt (text/plain) in CBT.V508.FILE054.PDS, moved to PDS/GENER1
2025-04-08 01:01:27.914914 - Found PHNPROOF.txt (text/plain) in CBT.V508.FILE054.PDS, moved to PDS/PHNPROOF
2025-04-08 01:01:27.916471 - Found PHON@MEN.txt (text/plain) in CBT.V508.FILE054.PDS, moved to PDS/PHON@MEN
2025-04-08 01:01:27.917771 - Found PHONBRWS.txt (text/plain) in CBT.V508.FILE054.PDS, moved to PDS/PHONBRWS
2025-04-08 01:01:27.919026 - Found PHONEADD.txt (text/plain) in CBT.V508.FILE054.PDS, moved to PDS/PHONEADD
2025-04-08 01:01:27.920572 - Found PHONEDEL.txt (text/plain) in CBT.V508.FILE054.PDS, moved to PDS/PHONEDEL
2025-04-08 01:01:27.922055 - Found PHONEDIT.txt (text/plain) in CBT.V508.FILE054.PDS, moved to PDS/PHONEDIT
2025-04-08 01:01:27.923321 - Found PHONEDS.txt (text/plain) in CBT.V508.FILE054.PDS, moved to PDS/PHONEDS
2025-04-08 01:01:27.924588 - Found PHONEMP.txt (text/plain) in CBT.V508.FILE054.PDS, moved to PDS/PHONEMP
2025-04-08 01:01:27.926021 - Found PHONINQ1.txt (text/plain) in CBT.V508.FILE054.PDS, moved to PDS/PHONINQ1
2025-04-08 01:01:27.927466 - Found PHONINQ2.txt (text/plain) in CBT.V508.FILE054.PDS, moved to PDS/PHONINQ2
2025-04-08 01:01:27.928795 - Found PHONINQ3.txt (text/plain) in CBT.V508.FILE054.PDS, moved to PDS/PHONINQ3
2025-04-08 01:01:27.930054 - Found PHONINQ4.txt (text/plain) in CBT.V508.FILE054.PDS, moved to PDS/PHONINQ4
2025-04-08 01:01:27.931502 - Found PHONOPER.txt (text/plain) in CBT.V508.FILE054.PDS, moved to PDS/PHONOPER
2025-04-08 01:01:27.932809 - Found PHONPRI.txt (text/plain) in CBT.V508.FILE054.PDS, moved to PDS/PHONPRI
2025-04-08 01:01:27.934173 - Found PHONPRTS.txt (text/plain) in CBT.V508.FILE054.PDS, moved to PDS/PHONPRTS
2025-04-08 01:01:27.935541 - Found PHONPRT1.txt (text/plain) in CBT.V508.FILE054.PDS, moved to PDS/PHONPRT1
2025-04-08 01:01:27.936905 - Found PHONPRT2.txt (text/plain) in CBT.V508.FILE054.PDS, moved to PDS/PHONPRT2
2025-04-08 01:01:27.938319 - Found PHONTUTB.txt (text/plain) in CBT.V508.FILE054.PDS, moved to PDS/PHONTUTB
2025-04-08 01:01:27.943008 - Found PHONTUTM.txt (text/plain) in CBT.V508.FILE054.PDS, moved to PDS/PHONTUTM
2025-04-08 01:01:27.944507 - Found PHONTUT1.txt (text/plain) in CBT.V508.FILE054.PDS, moved to PDS/PHONTUT1
2025-04-08 01:01:27.946011 - Found PHONTUT2.txt (text/plain) in CBT.V508.FILE054.PDS, moved to PDS/PHONTUT2
2025-04-08 01:01:27.947369 - Found PHONTUT3.txt (text/plain) in CBT.V508.FILE054.PDS, moved to PDS/PHONTUT3
2025-04-08 01:01:27.948710 - Found PHONTUT4.txt (text/plain) in CBT.V508.FILE054.PDS, moved to PDS/PHONTUT4
2025-04-08 01:01:27.950214 - Found SLGPANL0.txt (text/plain) in CBT.V508.FILE054.PDS, moved to PDS/SLGPANL0
2025-04-08 01:01:27.951726 - Found SLGPANL1.txt (text/plain) in CBT.V508.FILE054.PDS, moved to PDS/SLGPANL1
2025-04-08 01:01:27.953186 - Found SLGPANL2.txt (text/plain) in CBT.V508.FILE054.PDS, moved to PDS/SLGPANL2
2025-04-08 01:01:27.954526 - Found SLGPANL3.txt (text/plain) in CBT.V508.FILE054.PDS, moved to PDS/SLGPANL3
2025-04-08 01:01:27.955814 - Found SLSS.txt (text/plain) in CBT.V508.FILE054.PDS, moved to PDS/SLSS
2025-04-08 01:01:27.957200 - Found SLSS@CAU.txt (text/plain) in CBT.V508.FILE054.PDS, moved to PDS/SLSS@CAU
2025-04-08 01:01:27.958565 - Found SLSS@ERR.txt (text/plain) in CBT.V508.FILE054.PDS, moved to PDS/SLSS@ERR
2025-04-08 01:01:27.960076 - Found SLSS@PRC.txt (text/plain) in CBT.V508.FILE054.PDS, moved to PDS/SLSS@PRC
2025-04-08 01:01:27.961430 - Found SLSS@WRN.txt (text/plain) in CBT.V508.FILE054.PDS, moved to PDS/SLSS@WRN
2025-04-08 01:01:27.962889 - Found SLSSADD.txt (text/plain) in CBT.V508.FILE054.PDS, moved to PDS/SLSSADD
2025-04-08 01:01:27.964451 - Found SLSSADMN.txt (text/plain) in CBT.V508.FILE054.PDS, moved to PDS/SLSSADMN
2025-04-08 01:01:27.965757 - Found SLSSAUTH.txt (text/plain) in CBT.V508.FILE054.PDS, moved to PDS/SLSSAUTH
2025-04-08 01:01:27.967061 - Found SLSSBK1.txt (text/plain) in CBT.V508.FILE054.PDS, moved to PDS/SLSSBK1
2025-04-08 01:01:27.968386 - Found SLSSBK2.txt (text/plain) in CBT.V508.FILE054.PDS, moved to PDS/SLSSBK2
2025-04-08 01:01:27.969772 - Found SLSSBROW.txt (text/plain) in CBT.V508.FILE054.PDS, moved to PDS/SLSSBROW
2025-04-08 01:01:27.971231 - Found SLSSBRW2.txt (text/plain) in CBT.V508.FILE054.PDS, moved to PDS/SLSSBRW2
2025-04-08 01:01:27.972541 - Found SLSSCAN1.txt (text/plain) in CBT.V508.FILE054.PDS, moved to PDS/SLSSCAN1
2025-04-08 01:01:27.973824 - Found SLSSCAN2.txt (text/plain) in CBT.V508.FILE054.PDS, moved to PDS/SLSSCAN2
2025-04-08 01:01:27.975335 - Found SLSSDELS.txt (text/plain) in CBT.V508.FILE054.PDS, moved to PDS/SLSSDELS
2025-04-08 01:01:27.976605 - Found SLSSDELT.txt (text/plain) in CBT.V508.FILE054.PDS, moved to PDS/SLSSDELT
2025-04-08 01:01:27.978145 - Found SLSSG000.txt (text/plain) in CBT.V508.FILE054.PDS, moved to PDS/SLSSG000
2025-04-08 01:01:27.979438 - Found SLSSG100.txt (text/plain) in CBT.V508.FILE054.PDS, moved to PDS/SLSSG100
2025-04-08 01:01:27.980696 - Found SLSSG101.txt (text/plain) in CBT.V508.FILE054.PDS, moved to PDS/SLSSG101
2025-04-08 01:01:27.982041 - Found SLSSG200.txt (text/plain) in CBT.V508.FILE054.PDS, moved to PDS/SLSSG200
2025-04-08 01:01:27.983373 - Found SLSSG201.txt (text/plain) in CBT.V508.FILE054.PDS, moved to PDS/SLSSG201
2025-04-08 01:01:27.984703 - Found SLSSG202.txt (text/plain) in CBT.V508.FILE054.PDS, moved to PDS/SLSSG202
2025-04-08 01:01:27.986107 - Found SLSSG203.txt (text/plain) in CBT.V508.FILE054.PDS, moved to PDS/SLSSG203
2025-04-08 01:01:27.987374 - Found SLSSG204.txt (text/plain) in CBT.V508.FILE054.PDS, moved to PDS/SLSSG204
2025-04-08 01:01:27.988617 - Found SLSSG205.txt (text/plain) in CBT.V508.FILE054.PDS, moved to PDS/SLSSG205
2025-04-08 01:01:27.989890 - Found SLSSG206.txt (text/plain) in CBT.V508.FILE054.PDS, moved to PDS/SLSSG206
2025-04-08 01:01:27.991159 - Found SLSSG207.txt (text/plain) in CBT.V508.FILE054.PDS, moved to PDS/SLSSG207
2025-04-08 01:01:27.992579 - Found SLSSG208.txt (text/plain) in CBT.V508.FILE054.PDS, moved to PDS/SLSSG208
2025-04-08 01:01:27.993928 - Found SLSSG209.txt (text/plain) in CBT.V508.FILE054.PDS, moved to PDS/SLSSG209
2025-04-08 01:01:27.995465 - Found SLSSJOBC.txt (text/plain) in CBT.V508.FILE054.PDS, moved to PDS/SLSSJOBC
2025-04-08 01:01:27.996825 - Found SLSSLOCS.txt (text/plain) in CBT.V508.FILE054.PDS, moved to PDS/SLSSLOCS
2025-04-08 01:01:27.998229 - Found SLSSLOC1.txt (text/plain) in CBT.V508.FILE054.PDS, moved to PDS/SLSSLOC1
2025-04-08 01:01:27.999745 - Found SLSSMODL.txt (text/plain) in CBT.V508.FILE054.PDS, moved to PDS/SLSSMODL
2025-04-08 01:01:28.001146 - Found SLSSMSTR.txt (text/plain) in CBT.V508.FILE054.PDS, moved to PDS/SLSSMSTR
2025-04-08 01:01:28.002709 - Found SLSSNEWT.txt (text/plain) in CBT.V508.FILE054.PDS, moved to PDS/SLSSNEWT
2025-04-08 01:01:28.004100 - Found SLSSPRIM.txt (text/plain) in CBT.V508.FILE054.PDS, moved to PDS/SLSSPRIM
2025-04-08 01:01:28.005480 - Found SLSSPRNT.txt (text/plain) in CBT.V508.FILE054.PDS, moved to PDS/SLSSPRNT
2025-04-08 01:01:28.006870 - Found SLSSRCOV.txt (text/plain) in CBT.V508.FILE054.PDS, moved to PDS/SLSSRCOV
2025-04-08 01:01:28.008425 - Found SLSSSORT.txt (text/plain) in CBT.V508.FILE054.PDS, moved to PDS/SLSSSORT
2025-04-08 01:01:28.009828 - Found SLSSSUBS.txt (text/plain) in CBT.V508.FILE054.PDS, moved to PDS/SLSSSUBS
2025-04-08 01:01:28.011353 - Found SLSSSUB1.txt (text/plain) in CBT.V508.FILE054.PDS, moved to PDS/SLSSSUB1
2025-04-08 01:01:28.012668 - Found SLSSSUB2.txt (text/plain) in CBT.V508.FILE054.PDS, moved to PDS/SLSSSUB2
2025-04-08 01:01:28.014150 - Found SLSST000.txt (text/plain) in CBT.V508.FILE054.PDS, moved to PDS/SLSST000
2025-04-08 01:01:28.015585 - Found SLSS1000.txt (text/plain) in CBT.V508.FILE054.PDS, moved to PDS/SLSS1000
2025-04-08 01:01:28.017082 - Found SLSS1001.txt (text/plain) in CBT.V508.FILE054.PDS, moved to PDS/SLSS1001
2025-04-08 01:01:28.018440 - Found SLSS2000.txt (text/plain) in CBT.V508.FILE054.PDS, moved to PDS/SLSS2000
2025-04-08 01:01:28.019822 - Found SLSS2001.txt (text/plain) in CBT.V508.FILE054.PDS, moved to PDS/SLSS2001
2025-04-08 01:01:28.021160 - Found TALLOC.txt (text/plain) in CBT.V508.FILE054.PDS, moved to PDS/TALLOC
2025-04-08 01:01:28.022570 - Found TMCDIS00.txt (text/plain) in CBT.V508.FILE054.PDS, moved to PDS/TMCDIS00
2025-04-08 01:01:28.023891 - Found TMCDIS01.txt (text/plain) in CBT.V508.FILE054.PDS, moved to PDS/TMCDIS01
2025-04-08 01:01:28.025280 - Found TMCTUT00.txt (text/plain) in CBT.V508.FILE054.PDS, moved to PDS/TMCTUT00
2025-04-08 01:01:28.026630 - Found TMCTUT01.txt (text/plain) in CBT.V508.FILE054.PDS, moved to PDS/TMCTUT01
2025-04-08 01:01:28.027901 - Found TMCTUT02.txt (text/plain) in CBT.V508.FILE054.PDS, moved to PDS/TMCTUT02
2025-04-08 01:01:28.029423 - Found TPLTCMP1.txt (text/plain) in CBT.V508.FILE054.PDS, moved to PDS/TPLTCMP1
2025-04-08 01:01:28.030773 - Found TPLTCMP2.txt (text/plain) in CBT.V508.FILE054.PDS, moved to PDS/TPLTCMP2
2025-04-08 01:01:28.032309 - Found TSYSLOG1.txt (text/plain) in CBT.V508.FILE054.PDS, moved to PDS/TSYSLOG1
2025-04-08 01:01:28.033711 - Found TSYSLOG2.txt (text/plain) in CBT.V508.FILE054.PDS, moved to PDS/TSYSLOG2
2025-04-08 01:01:28.035069 - Found USRADD1.txt (text/plain) in CBT.V508.FILE054.PDS, moved to PDS/USRADD1
2025-04-08 01:01:28.036476 - Found USRADD2A.txt (text/plain) in CBT.V508.FILE054.PDS, moved to PDS/USRADD2A
2025-04-08 01:01:28.037800 - Found USRADD2B.txt (text/plain) in CBT.V508.FILE054.PDS, moved to PDS/USRADD2B
2025-04-08 01:01:28.039297 - Found USRBROW1.txt (text/plain) in CBT.V508.FILE054.PDS, moved to PDS/USRBROW1
2025-04-08 01:01:28.040900 - Found USRBROW2.txt (text/plain) in CBT.V508.FILE054.PDS, moved to PDS/USRBROW2
2025-04-08 01:01:28.042245 - Found USRDEL.txt (text/plain) in CBT.V508.FILE054.PDS, moved to PDS/USRDEL
2025-04-08 01:01:28.043799 - Found USRINQ1.txt (text/plain) in CBT.V508.FILE054.PDS, moved to PDS/USRINQ1
2025-04-08 01:01:28.045353 - Found USRINQ2.txt (text/plain) in CBT.V508.FILE054.PDS, moved to PDS/USRINQ2
2025-04-08 01:01:28.046819 - Found USRINQ3.txt (text/plain) in CBT.V508.FILE054.PDS, moved to PDS/USRINQ3
2025-04-08 01:01:28.048200 - Found USRINQ4.txt (text/plain) in CBT.V508.FILE054.PDS, moved to PDS/USRINQ4
2025-04-08 01:01:28.049725 - Found USRNCCF.txt (text/plain) in CBT.V508.FILE054.PDS, moved to PDS/USRNCCF
2025-04-08 01:01:28.051138 - Found USRRACF1.txt (text/plain) in CBT.V508.FILE054.PDS, moved to PDS/USRRACF1
2025-04-08 01:01:28.052468 - Found USRRACF2.txt (text/plain) in CBT.V508.FILE054.PDS, moved to PDS/USRRACF2
2025-04-08 01:01:28.053764 - Found USRSELCT.txt (text/plain) in CBT.V508.FILE054.PDS, moved to PDS/USRSELCT
2025-04-08 01:01:28.055109 - Found USRTSO1.txt (text/plain) in CBT.V508.FILE054.PDS, moved to PDS/USRTSO1
2025-04-08 01:01:28.056413 - Found USRTSO2.txt (text/plain) in CBT.V508.FILE054.PDS, moved to PDS/USRTSO2
2025-04-08 01:01:28.057843 - Found USRTUT00.txt (text/plain) in CBT.V508.FILE054.PDS, moved to PDS/USRTUT00
2025-04-08 01:01:28.059243 - Found USRTUT01.txt (text/plain) in CBT.V508.FILE054.PDS, moved to PDS/USRTUT01
2025-04-08 01:01:28.060572 - Found USRTUT02.txt (text/plain) in CBT.V508.FILE054.PDS, moved to PDS/USRTUT02
2025-04-08 01:01:28.061913 - Found USRTUT03.txt (text/plain) in CBT.V508.FILE054.PDS, moved to PDS/USRTUT03
2025-04-08 01:01:28.063285 - Found USRTUT04.txt (text/plain) in CBT.V508.FILE054.PDS, moved to PDS/USRTUT04
2025-04-08 01:01:28.064649 - Found USRTUT05.txt (text/plain) in CBT.V508.FILE054.PDS, moved to PDS/USRTUT05
2025-04-08 01:01:28.066102 - Found USRTUT06.txt (text/plain) in CBT.V508.FILE054.PDS, moved to PDS/USRTUT06
2025-04-08 01:01:28.067626 - Found USRTUT07.txt (text/plain) in CBT.V508.FILE054.PDS, moved to PDS/USRTUT07
2025-04-08 01:01:28.069156 - Found USRTUT08.txt (text/plain) in CBT.V508.FILE054.PDS, moved to PDS/USRTUT08
2025-04-08 01:01:28.070619 - Found USRTUT09.txt (text/plain) in CBT.V508.FILE054.PDS, moved to PDS/USRTUT09
2025-04-08 01:01:28.072034 - Found USRTUT10.txt (text/plain) in CBT.V508.FILE054.PDS, moved to PDS/USRTUT10
2025-04-08 01:01:28.073402 - Found USRUPD1.txt (text/plain) in CBT.V508.FILE054.PDS, moved to PDS/USRUPD1
2025-04-08 01:01:28.075088 - Found USRUPD3A.txt (text/plain) in CBT.V508.FILE054.PDS, moved to PDS/USRUPD3A
2025-04-08 01:01:28.076593 - Found USRUPD3B.txt (text/plain) in CBT.V508.FILE054.PDS, moved to PDS/USRUPD3B
2025-04-08 01:01:28.077916 - Found XMITRCV.txt (text/plain) in CBT.V508.FILE054.PDS, moved to PDS/XMITRCV
2025-04-08 01:01:28.079211 - Found XMITRCV1.txt (text/plain) in CBT.V508.FILE054.PDS, moved to PDS/XMITRCV1
2025-04-08 01:01:28.080492 - Found XMITRCV3.txt (text/plain) in CBT.V508.FILE054.PDS, moved to PDS/XMITRCV3
